<?xml version="1.0" encoding="UTF-8"?>
<testsuite name="org.pitest.classinfo.ClassNameTest" time="0.036" tests="22" errors="0" skipped="0" failures="0">
  <properties>
[...]
</properties>
  <testcase name="shouldTreatDifferentClassesAsNotEqual" classname="org.pitest.classinfo.ClassNameTest" time="0"/>
  <testcase name="shouldTreatSameClassAsEqual" classname="org.pitest.classinfo.ClassNameTest" time="0"/>
  <testcase name="shouldUseCachedInstancesForObject" classname="org.pitest.classinfo.ClassNameTest" time="0"/>
  <testcase name="withoutPrefeixCharsShouldReturnPacakgeAndClassWithoutPrefixChars" classname="org.pitest.classinfo.ClassNameTest" time="0"/>
  <testcase name="shouldUseCachedInstancesForString" classname="org.pitest.classinfo.ClassNameTest" time="0.001"/>
  <testcase name="shouldConvertStringToClassName" classname="org.pitest.classinfo.ClassNameTest" time="0"/>
  <testcase name="getNameWithoutPackageShouldReturnNameOnlyWhenClassIsOuterClass" classname="org.pitest.classinfo.ClassNameTest" time="0"/>
  <testcase name="shouldConvertJavaNamesToInternalNames" classname="org.pitest.classinfo.ClassNameTest" time="0"/>
  <testcase name="getNameWithoutPackageShouldReturnNameWhenClassInPackageDefault" classname="org.pitest.classinfo.ClassNameTest" time="0"/>
  <testcase name="shouldObeyHashcodeEqualsContract" classname="org.pitest.classinfo.ClassNameTest" time="0.032"/>
  <testcase name="getPackageShouldReturnEmptyPackageWhenClassInPackageDefault" classname="org.pitest.classinfo.ClassNameTest" time="0"/>
  <testcase name="shouldConvertInternalNamesToJavaNames" classname="org.pitest.classinfo.ClassNameTest" time="0"/>
  <testcase name="getPackageShouldReturnPackageWhenClassWithinAPackage" classname="org.pitest.classinfo.ClassNameTest" time="0"/>
  <testcase name="shouldTreatSameClassNameAsEqual" classname="org.pitest.classinfo.ClassNameTest" time="0"/>
  <testcase name="withoutSuffixCharsShouldReturnPacakgeAndClassWithoutSuffixChars" classname="org.pitest.classinfo.ClassNameTest" time="0"/>
  <testcase name="shouldDisplayJavaNameInToString" classname="org.pitest.classinfo.ClassNameTest" time="0"/>
  <testcase name="getNameWithoutPackageShouldReturnNameWhenClassIsInnerClass" classname="org.pitest.classinfo.ClassNameTest" time="0.001"/>
  <testcase name="shouldProduceDifferentHashCodeForDifferentClasses" classname="org.pitest.classinfo.ClassNameTest" time="0"/>
  <testcase name="stringToClassShouldReturnEmptyWhenClassNotKnownToLoader" classname="org.pitest.classinfo.ClassNameTest" time="0.001"/>
  <testcase name="shouldSortByName" classname="org.pitest.classinfo.ClassNameTest" time="0"/>
  <testcase name="shouldProduceSameHashCodeForSameClass" classname="org.pitest.classinfo.ClassNameTest" time="0"/>
  <testcase name="nameToClassShouldReturnClassWhenKnownToLoader" classname="org.pitest.classinfo.ClassNameTest" time="0.001"/>
</testsuite>