<?xml version="1.0" encoding="UTF-8"?>
<testsuite name="org.pitest.maven.MojoToReportOptionsConverterTest" time="2.213" tests="46" errors="0" skipped="0" failures="0">
  <properties>
[...]
</properties>
  <testcase name="testParsesCustomProperties" classname="org.pitest.maven.MojoToReportOptionsConverterTest" time="0.064"/>
  <testcase name="testUsesSourceDirectoriesFromProject" classname="org.pitest.maven.MojoToReportOptionsConverterTest" time="0.049"/>
  <testcase name="testParsesDetectInlineCodeFlag" classname="org.pitest.maven.MojoToReportOptionsConverterTest" time="0.05"/>
  <testcase name="testParsesSurefireConfigWhenFlagSet" classname="org.pitest.maven.MojoToReportOptionsConverterTest" time="0.042"/>
  <testcase name="testParsesMutationUnitSize" classname="org.pitest.maven.MojoToReportOptionsConverterTest" time="0.044"/>
  <testcase name="testParsesTimeOutConstant" classname="org.pitest.maven.MojoToReportOptionsConverterTest" time="0.048"/>
  <testcase name="testParsesHistoryInputFile" classname="org.pitest.maven.MojoToReportOptionsConverterTest" time="0.043"/>
  <testcase name="testParsesExcludedClasspathElements" classname="org.pitest.maven.MojoToReportOptionsConverterTest" time="0.057"/>
  <testcase name="testParsesListOfJVMArgs" classname="org.pitest.maven.MojoToReportOptionsConverterTest" time="0.081"/>
  <testcase name="testObeysFailWhenNoMutationsFlagWhenPackagingTypeIsNotPOM" classname="org.pitest.maven.MojoToReportOptionsConverterTest" time="0.071"/>
  <testcase name="testParsesMaxDependencyDistance" classname="org.pitest.maven.MojoToReportOptionsConverterTest" time="0.074"/>
  <testcase name="testParsesHistoryOutputFile" classname="org.pitest.maven.MojoToReportOptionsConverterTest" time="0.07"/>
  <testcase name="testParsesListOfExcludedTestClassGlobs" classname="org.pitest.maven.MojoToReportOptionsConverterTest" time="0.109"/>
  <testcase name="testParsesTestGroupsToInclude" classname="org.pitest.maven.MojoToReportOptionsConverterTest" time="0.097"/>
  <testcase name="testParsesTimeStampedReports" classname="org.pitest.maven.MojoToReportOptionsConverterTest" time="0.078"/>
  <testcase name="testCreatesPredicateFromListOfTargetClassGlobs" classname="org.pitest.maven.MojoToReportOptionsConverterTest" time="0.094"/>
  <testcase name="testParsesTestPlugin" classname="org.pitest.maven.MojoToReportOptionsConverterTest" time="0.032"/>
  <testcase name="testParsesFullMutationMatrix" classname="org.pitest.maven.MojoToReportOptionsConverterTest" time="0.038"/>
  <testcase name="testParsesTestMethodsToInclude" classname="org.pitest.maven.MojoToReportOptionsConverterTest" time="0.04"/>
  <testcase name="testParsesTimeOutFactor" classname="org.pitest.maven.MojoToReportOptionsConverterTest" time="0.04"/>
  <testcase name="testParsesListOfTargetTestClassGlobs" classname="org.pitest.maven.MojoToReportOptionsConverterTest" time="0.037"/>
  <testcase name="testParsesLineCoverageExportFlagWhenNotSet" classname="org.pitest.maven.MojoToReportOptionsConverterTest" time="0.035"/>
  <testcase name="testParsesLineCoverageExportFlagWhenSet" classname="org.pitest.maven.MojoToReportOptionsConverterTest" time="0.032"/>
  <testcase name="testIgnoreSurefireConfigWhenFlagNotSet" classname="org.pitest.maven.MojoToReportOptionsConverterTest" time="0.036"/>
  <testcase name="testParsesTestGroupsToExclude" classname="org.pitest.maven.MojoToReportOptionsConverterTest" time="0.029"/>
  <testcase name="testParsesVerboseFlag" classname="org.pitest.maven.MojoToReportOptionsConverterTest" time="0.037"/>
  <testcase name="testParsesListOfMutationOperators" classname="org.pitest.maven.MojoToReportOptionsConverterTest" time="0.044"/>
  <testcase name="testObeysSkipFailingTestsFlagWhenPackagingTypeIsNotPOM" classname="org.pitest.maven.MojoToReportOptionsConverterTest" time="0.039"/>
  <testcase name="testParsesCommaListOfExcludedMethods" classname="org.pitest.maven.MojoToReportOptionsConverterTest" time="0.04"/>
  <testcase name="testParsesNumberOfThreads" classname="org.pitest.maven.MojoToReportOptionsConverterTest" time="0.039"/>
  <testcase name="testParsesExcludedRunners" classname="org.pitest.maven.MojoToReportOptionsConverterTest" time="0.042"/>
  <testcase name="testParsesUseClasspathJar" classname="org.pitest.maven.MojoToReportOptionsConverterTest" time="0.029"/>
  <testcase name="testDefaultsToHtmlReportWhenNoOutputFormatsSpecified" classname="org.pitest.maven.MojoToReportOptionsConverterTest" time="0.056"/>
  <testcase name="testParsesListOfFeatures" classname="org.pitest.maven.MojoToReportOptionsConverterTest" time="0.04"/>
  <testcase name="testParsesJavaExecutable" classname="org.pitest.maven.MojoToReportOptionsConverterTest" time="0.034"/>
  <testcase name="testParsesListOfOutputFormatsWhenSupplied" classname="org.pitest.maven.MojoToReportOptionsConverterTest" time="0.032"/>
  <testcase name="testDefaultsLoggingPackagesToDefaultsDefinedByDefaultMutationConfigFactory" classname="org.pitest.maven.MojoToReportOptionsConverterTest" time="0.041"/>
  <testcase name="testParsesEngineWhenSet" classname="org.pitest.maven.MojoToReportOptionsConverterTest" time="0.039"/>
  <testcase name="testParsesLocalHistoryFlag" classname="org.pitest.maven.MojoToReportOptionsConverterTest" time="0.039"/>
  <testcase name="testParsesListOfClassesToAvoidCallTo" classname="org.pitest.maven.MojoToReportOptionsConverterTest" time="0.041"/>
  <testcase name="testDefaultsJavaExecutableToNull" classname="org.pitest.maven.MojoToReportOptionsConverterTest" time="0.037"/>
  <testcase name="testDefaultsMutationUnitSizeToCorrectValue" classname="org.pitest.maven.MojoToReportOptionsConverterTest" time="0.036"/>
  <testcase name="testParsesListOfExcludedClassGlobsAndApplyTheseToTargets" classname="org.pitest.maven.MojoToReportOptionsConverterTest" time="0.041"/>
  <testcase name="testMaintainsOrderOfClassPath" classname="org.pitest.maven.MojoToReportOptionsConverterTest" time="0.047"/>
  <testcase name="testDoesNotUseClasspathJarByDefault" classname="org.pitest.maven.MojoToReportOptionsConverterTest" time="0.03"/>
  <testcase name="testsParsesReportDir" classname="org.pitest.maven.MojoToReportOptionsConverterTest" time="0.04"/>
</testsuite>